Output directory successfully created.
Output directory successfully created.
2023-12-20 19:12:01 : Downloading twitter_stream_2019_02_28.tar
2023-12-20 19:12:31 : Extracting twitter_stream_2019_02_28.tar
2023-12-20 19:13:02 : Extracting and transferring .bz2 files to S3 for twitter_stream_2019_02_28.tar
2023-12-20 19:13:03 : 44.json transferred
2023-12-20 19:13:03 : 56.json transferred
2023-12-20 19:13:04 : 19.json transferred
2023-12-20 19:13:05 : 50.json transferred
2023-12-20 19:13:05 : 05.json transferred
2023-12-20 19:13:06 : 13.json transferred
2023-12-20 19:13:06 : 03.json transferred
2023-12-20 19:13:07 : 11.json transferred
2023-12-20 19:13:08 : 22.json transferred
2023-12-20 19:13:08 : 59.json transferred
2023-12-20 19:13:09 : 16.json transferred
2023-12-20 19:13:10 : 12.json transferred
2023-12-20 19:13:10 : 14.json transferred
2023-12-20 19:13:11 : 33.json transferred
2023-12-20 19:13:11 : 39.json transferred
2023-12-20 19:13:12 : 08.json transferred
2023-12-20 19:13:13 : 41.json transferred
2023-12-20 19:13:13 : 04.json transferred
2023-12-20 19:13:14 : 58.json transferred
2023-12-20 19:13:14 : 45.json transferred
2023-12-20 19:13:15 : 31.json transferred
2023-12-20 19:13:16 : 42.json transferred
2023-12-20 19:13:16 : 10.json transferred
2023-12-20 19:13:17 : 47.json transferred
2023-12-20 19:13:17 : 46.json transferred
2023-12-20 19:13:18 : 26.json transferred
2023-12-20 19:13:18 : 54.json transferred
2023-12-20 19:13:19 : 40.json transferred
2023-12-20 19:13:20 : 23.json transferred
2023-12-20 19:13:20 : 51.json transferred
2023-12-20 19:13:21 : 06.json transferred
2023-12-20 19:13:21 : 32.json transferred
2023-12-20 19:13:22 : 53.json transferred
2023-12-20 19:13:23 : 52.json transferred
2023-12-20 19:13:23 : 48.json transferred
2023-12-20 19:13:24 : 17.json transferred
2023-12-20 19:13:24 : 00.json transferred
2023-12-20 19:13:25 : 25.json transferred
2023-12-20 19:13:25 : 20.json transferred
2023-12-20 19:13:26 : 28.json transferred
2023-12-20 19:13:27 : 02.json transferred
2023-12-20 19:13:27 : 43.json transferred
2023-12-20 19:13:28 : 34.json transferred
2023-12-20 19:13:28 : 27.json transferred
2023-12-20 19:13:29 : 55.json transferred
2023-12-20 19:13:29 : 36.json transferred
2023-12-20 19:13:30 : 38.json transferred
2023-12-20 19:13:31 : 49.json transferred
2023-12-20 19:13:31 : 35.json transferred
2023-12-20 19:13:32 : 07.json transferred
2023-12-20 19:13:32 : 01.json transferred
2023-12-20 19:13:33 : 21.json transferred
2023-12-20 19:13:34 : 57.json transferred
2023-12-20 19:13:34 : 15.json transferred
2023-12-20 19:13:35 : 29.json transferred
2023-12-20 19:13:35 : 30.json transferred
2023-12-20 19:13:36 : 24.json transferred
2023-12-20 19:13:36 : 37.json transferred
2023-12-20 19:13:37 : 09.json transferred
2023-12-20 19:13:38 : 18.json transferred
2023-12-20 19:13:38 : 44.json transferred
2023-12-20 19:13:39 : 56.json transferred
2023-12-20 19:13:39 : 19.json transferred
2023-12-20 19:13:40 : 50.json transferred
2023-12-20 19:13:40 : 05.json transferred
2023-12-20 19:13:41 : 13.json transferred
2023-12-20 19:13:42 : 03.json transferred
2023-12-20 19:13:42 : 11.json transferred
2023-12-20 19:13:43 : 22.json transferred
2023-12-20 19:13:43 : 59.json transferred
2023-12-20 19:13:44 : 16.json transferred
2023-12-20 19:13:44 : 12.json transferred
2023-12-20 19:13:45 : 14.json transferred
2023-12-20 19:13:46 : 33.json transferred
2023-12-20 19:13:46 : 39.json transferred
2023-12-20 19:13:47 : 08.json transferred
2023-12-20 19:13:47 : 41.json transferred
2023-12-20 19:13:48 : 04.json transferred
2023-12-20 19:13:48 : 58.json transferred
2023-12-20 19:13:49 : 45.json transferred
2023-12-20 19:13:49 : 31.json transferred
2023-12-20 19:13:50 : 42.json transferred
2023-12-20 19:13:50 : 10.json transferred
2023-12-20 19:13:51 : 47.json transferred
2023-12-20 19:13:51 : 46.json transferred
2023-12-20 19:13:52 : 26.json transferred
2023-12-20 19:13:53 : 54.json transferred
2023-12-20 19:13:53 : 40.json transferred
2023-12-20 19:13:54 : 23.json transferred
2023-12-20 19:13:54 : 51.json transferred
2023-12-20 19:13:55 : 06.json transferred
2023-12-20 19:13:55 : 32.json transferred
2023-12-20 19:13:56 : 53.json transferred
2023-12-20 19:13:56 : 52.json transferred
2023-12-20 19:13:57 : 48.json transferred
2023-12-20 19:13:58 : 17.json transferred
2023-12-20 19:13:58 : 00.json transferred
2023-12-20 19:13:59 : 25.json transferred
2023-12-20 19:13:59 : 20.json transferred
2023-12-20 19:14:00 : 28.json transferred
2023-12-20 19:14:01 : 02.json transferred
2023-12-20 19:14:01 : 43.json transferred
2023-12-20 19:14:02 : 34.json transferred
2023-12-20 19:14:02 : 27.json transferred
2023-12-20 19:14:04 : 55.json transferred
2023-12-20 19:14:04 : 36.json transferred
2023-12-20 19:14:05 : 38.json transferred
2023-12-20 19:14:05 : 49.json transferred
2023-12-20 19:14:06 : 35.json transferred
2023-12-20 19:14:06 : 07.json transferred
2023-12-20 19:14:07 : 01.json transferred
2023-12-20 19:14:07 : 21.json transferred
2023-12-20 19:14:08 : 57.json transferred
2023-12-20 19:14:08 : 15.json transferred
2023-12-20 19:14:09 : 29.json transferred
2023-12-20 19:14:10 : 30.json transferred
2023-12-20 19:14:10 : 24.json transferred
2023-12-20 19:14:11 : 37.json transferred
2023-12-20 19:14:11 : 09.json transferred
2023-12-20 19:14:12 : 18.json transferred
2023-12-20 19:14:13 : 44.json transferred
2023-12-20 19:14:14 : 56.json transferred
2023-12-20 19:14:14 : 19.json transferred
2023-12-20 19:14:15 : 50.json transferred
2023-12-20 19:14:16 : 05.json transferred
2023-12-20 19:14:17 : 13.json transferred
2023-12-20 19:14:18 : 03.json transferred
2023-12-20 19:14:19 : 11.json transferred
2023-12-20 19:14:20 : 22.json transferred
2023-12-20 19:14:20 : 59.json transferred
2023-12-20 19:14:21 : 16.json transferred
2023-12-20 19:14:22 : 12.json transferred
2023-12-20 19:14:23 : 14.json transferred
2023-12-20 19:14:24 : 33.json transferred
2023-12-20 19:14:24 : 39.json transferred
2023-12-20 19:14:25 : 08.json transferred
2023-12-20 19:14:26 : 41.json transferred
2023-12-20 19:14:27 : 04.json transferred
2023-12-20 19:14:28 : 58.json transferred
2023-12-20 19:14:29 : 45.json transferred
2023-12-20 19:14:29 : 31.json transferred
2023-12-20 19:14:30 : 42.json transferred
2023-12-20 19:14:31 : 10.json transferred
2023-12-20 19:14:32 : 47.json transferred
2023-12-20 19:14:33 : 46.json transferred
2023-12-20 19:14:34 : 26.json transferred
2023-12-20 19:14:34 : 54.json transferred
2023-12-20 19:14:35 : 40.json transferred
2023-12-20 19:14:36 : 23.json transferred
2023-12-20 19:14:37 : 51.json transferred
2023-12-20 19:14:38 : 06.json transferred
2023-12-20 19:14:39 : 32.json transferred
2023-12-20 19:14:39 : 53.json transferred
2023-12-20 19:14:40 : 52.json transferred
2023-12-20 19:14:41 : 48.json transferred
2023-12-20 19:14:42 : 17.json transferred
2023-12-20 19:14:43 : 00.json transferred
2023-12-20 19:14:44 : 25.json transferred
2023-12-20 19:14:44 : 20.json transferred
2023-12-20 19:14:45 : 28.json transferred
2023-12-20 19:14:46 : 02.json transferred
2023-12-20 19:14:48 : 43.json transferred
2023-12-20 19:14:48 : 34.json transferred
2023-12-20 19:14:49 : 27.json transferred
2023-12-20 19:14:50 : 55.json transferred
2023-12-20 19:14:51 : 36.json transferred
2023-12-20 19:14:52 : 38.json transferred
2023-12-20 19:14:52 : 49.json transferred
2023-12-20 19:14:53 : 35.json transferred
2023-12-20 19:14:54 : 07.json transferred
2023-12-20 19:14:55 : 01.json transferred
2023-12-20 19:14:56 : 21.json transferred
2023-12-20 19:14:56 : 57.json transferred
2023-12-20 19:14:57 : 15.json transferred
2023-12-20 19:14:58 : 29.json transferred
2023-12-20 19:14:59 : 30.json transferred
2023-12-20 19:15:00 : 24.json transferred
2023-12-20 19:15:02 : 37.json transferred
2023-12-20 19:15:03 : 09.json transferred
2023-12-20 19:15:04 : 18.json transferred
2023-12-20 19:15:05 : 44.json transferred
2023-12-20 19:15:05 : 56.json transferred
2023-12-20 19:15:06 : 19.json transferred
2023-12-20 19:15:06 : 50.json transferred
2023-12-20 19:15:07 : 05.json transferred
2023-12-20 19:15:08 : 13.json transferred
2023-12-20 19:15:08 : 03.json transferred
2023-12-20 19:15:09 : 11.json transferred
2023-12-20 19:15:09 : 22.json transferred
2023-12-20 19:15:10 : 59.json transferred
2023-12-20 19:15:11 : 16.json transferred
2023-12-20 19:15:11 : 12.json transferred
2023-12-20 19:15:12 : 14.json transferred
2023-12-20 19:15:12 : 33.json transferred
2023-12-20 19:15:13 : 39.json transferred
2023-12-20 19:15:14 : 08.json transferred
2023-12-20 19:15:14 : 41.json transferred
2023-12-20 19:15:15 : 04.json transferred
2023-12-20 19:15:16 : 58.json transferred
2023-12-20 19:15:16 : 45.json transferred
2023-12-20 19:15:17 : 31.json transferred
2023-12-20 19:15:18 : 42.json transferred
2023-12-20 19:15:18 : 10.json transferred
2023-12-20 19:15:19 : 47.json transferred
2023-12-20 19:15:19 : 46.json transferred
2023-12-20 19:15:20 : 26.json transferred
2023-12-20 19:15:21 : 54.json transferred
2023-12-20 19:15:21 : 40.json transferred
2023-12-20 19:15:22 : 23.json transferred
2023-12-20 19:15:23 : 51.json transferred
2023-12-20 19:15:24 : 06.json transferred
2023-12-20 19:15:24 : 32.json transferred
2023-12-20 19:15:25 : 53.json transferred
2023-12-20 19:15:26 : 52.json transferred
2023-12-20 19:15:26 : 48.json transferred
2023-12-20 19:15:27 : 17.json transferred
2023-12-20 19:15:28 : 00.json transferred
2023-12-20 19:15:28 : 25.json transferred
2023-12-20 19:15:29 : 20.json transferred
2023-12-20 19:15:29 : 28.json transferred
2023-12-20 19:15:30 : 02.json transferred
2023-12-20 19:15:31 : 43.json transferred
2023-12-20 19:15:31 : 34.json transferred
2023-12-20 19:15:32 : 27.json transferred
2023-12-20 19:15:32 : 55.json transferred
2023-12-20 19:15:33 : 36.json transferred
2023-12-20 19:15:34 : 38.json transferred
2023-12-20 19:15:34 : 49.json transferred
2023-12-20 19:15:35 : 35.json transferred
2023-12-20 19:15:35 : 07.json transferred
2023-12-20 19:15:36 : 01.json transferred
2023-12-20 19:15:37 : 21.json transferred
2023-12-20 19:15:37 : 57.json transferred
2023-12-20 19:15:38 : 15.json transferred
2023-12-20 19:15:39 : 29.json transferred
2023-12-20 19:15:39 : 30.json transferred
2023-12-20 19:15:40 : 24.json transferred
2023-12-20 19:15:40 : 37.json transferred
2023-12-20 19:15:41 : 09.json transferred
2023-12-20 19:15:42 : 18.json transferred
2023-12-20 19:15:42 : 44.json transferred
2023-12-20 19:15:43 : 56.json transferred
2023-12-20 19:15:44 : 19.json transferred
2023-12-20 19:15:45 : 50.json transferred
2023-12-20 19:15:45 : 05.json transferred
2023-12-20 19:15:46 : 13.json transferred
2023-12-20 19:15:47 : 03.json transferred
2023-12-20 19:15:47 : 11.json transferred
2023-12-20 19:15:48 : 22.json transferred
2023-12-20 19:15:49 : 59.json transferred
2023-12-20 19:15:49 : 16.json transferred
2023-12-20 19:15:50 : 12.json transferred
2023-12-20 19:15:51 : 14.json transferred
2023-12-20 19:15:51 : 33.json transferred
2023-12-20 19:15:52 : 39.json transferred
2023-12-20 19:15:53 : 08.json transferred
2023-12-20 19:15:53 : 41.json transferred
2023-12-20 19:15:54 : 04.json transferred
2023-12-20 19:15:55 : 58.json transferred
2023-12-20 19:15:56 : 45.json transferred
2023-12-20 19:15:56 : 31.json transferred
2023-12-20 19:15:57 : 42.json transferred
2023-12-20 19:15:58 : 10.json transferred
2023-12-20 19:15:58 : 47.json transferred
2023-12-20 19:15:59 : 46.json transferred
2023-12-20 19:16:00 : 26.json transferred
2023-12-20 19:16:01 : 54.json transferred
2023-12-20 19:16:01 : 40.json transferred
2023-12-20 19:16:02 : 23.json transferred
2023-12-20 19:16:04 : 51.json transferred
2023-12-20 19:16:05 : 06.json transferred
2023-12-20 19:16:07 : 32.json transferred
2023-12-20 19:16:08 : 53.json transferred
2023-12-20 19:16:09 : 52.json transferred
2023-12-20 19:16:10 : 48.json transferred
2023-12-20 19:16:11 : 17.json transferred
2023-12-20 19:16:11 : 00.json transferred
2023-12-20 19:16:12 : 25.json transferred
2023-12-20 19:16:13 : 20.json transferred
2023-12-20 19:16:13 : 28.json transferred
2023-12-20 19:16:14 : 02.json transferred
2023-12-20 19:16:15 : 43.json transferred
2023-12-20 19:16:16 : 34.json transferred
2023-12-20 19:16:16 : 27.json transferred
2023-12-20 19:16:17 : 55.json transferred
2023-12-20 19:16:18 : 36.json transferred
2023-12-20 19:16:18 : 38.json transferred
2023-12-20 19:16:19 : 49.json transferred
2023-12-20 19:16:20 : 35.json transferred
2023-12-20 19:16:20 : 07.json transferred
2023-12-20 19:16:21 : 01.json transferred
2023-12-20 19:16:22 : 21.json transferred
2023-12-20 19:16:23 : 57.json transferred
2023-12-20 19:16:23 : 15.json transferred
2023-12-20 19:16:24 : 29.json transferred
2023-12-20 19:16:25 : 30.json transferred
2023-12-20 19:16:25 : 24.json transferred
2023-12-20 19:16:26 : 37.json transferred
2023-12-20 19:16:27 : 09.json transferred
2023-12-20 19:16:28 : 18.json transferred
2023-12-20 19:16:28 : 44.json transferred
2023-12-20 19:16:29 : 56.json transferred
2023-12-20 19:16:29 : 19.json transferred
2023-12-20 19:16:30 : 50.json transferred
2023-12-20 19:16:30 : 05.json transferred
2023-12-20 19:16:31 : 13.json transferred
2023-12-20 19:16:31 : 03.json transferred
2023-12-20 19:16:32 : 11.json transferred
2023-12-20 19:16:32 : 22.json transferred
2023-12-20 19:16:33 : 59.json transferred
2023-12-20 19:16:34 : 16.json transferred
2023-12-20 19:16:34 : 12.json transferred
2023-12-20 19:16:35 : 14.json transferred
2023-12-20 19:16:35 : 33.json transferred
2023-12-20 19:16:36 : 39.json transferred
2023-12-20 19:16:36 : 08.json transferred
2023-12-20 19:16:37 : 41.json transferred
2023-12-20 19:16:37 : 04.json transferred
2023-12-20 19:16:38 : 58.json transferred
2023-12-20 19:16:38 : 45.json transferred
2023-12-20 19:16:39 : 31.json transferred
2023-12-20 19:16:40 : 42.json transferred
2023-12-20 19:16:40 : 10.json transferred
2023-12-20 19:16:41 : 47.json transferred
2023-12-20 19:16:42 : 46.json transferred
2023-12-20 19:16:43 : 26.json transferred
2023-12-20 19:16:43 : 54.json transferred
2023-12-20 19:16:44 : 40.json transferred
2023-12-20 19:16:45 : 23.json transferred
2023-12-20 19:16:45 : 51.json transferred
2023-12-20 19:16:45 : 06.json transferred
2023-12-20 19:16:46 : 32.json transferred
2023-12-20 19:16:47 : 53.json transferred
2023-12-20 19:16:47 : 52.json transferred
2023-12-20 19:16:48 : 48.json transferred
2023-12-20 19:16:48 : 17.json transferred
2023-12-20 19:16:49 : 00.json transferred
2023-12-20 19:16:49 : 25.json transferred
2023-12-20 19:16:50 : 20.json transferred
2023-12-20 19:16:50 : 28.json transferred
2023-12-20 19:16:51 : 02.json transferred
2023-12-20 19:16:51 : 43.json transferred
2023-12-20 19:16:52 : 34.json transferred
2023-12-20 19:16:53 : 27.json transferred
2023-12-20 19:16:53 : 55.json transferred
2023-12-20 19:16:54 : 36.json transferred
2023-12-20 19:16:54 : 38.json transferred
2023-12-20 19:16:55 : 49.json transferred
2023-12-20 19:16:55 : 35.json transferred
2023-12-20 19:16:56 : 07.json transferred
2023-12-20 19:16:56 : 01.json transferred
2023-12-20 19:16:57 : 21.json transferred
2023-12-20 19:16:57 : 57.json transferred
2023-12-20 19:16:58 : 15.json transferred
2023-12-20 19:16:58 : 29.json transferred
2023-12-20 19:16:59 : 30.json transferred
2023-12-20 19:16:59 : 24.json transferred
2023-12-20 19:17:00 : 37.json transferred
2023-12-20 19:17:01 : 09.json transferred
2023-12-20 19:17:02 : 18.json transferred
2023-12-20 19:17:04 : 44.json transferred
2023-12-20 19:17:04 : 56.json transferred
2023-12-20 19:17:04 : 19.json transferred
2023-12-20 19:17:05 : 50.json transferred
2023-12-20 19:17:06 : 05.json transferred
2023-12-20 19:17:06 : 13.json transferred
2023-12-20 19:17:07 : 03.json transferred
2023-12-20 19:17:07 : 11.json transferred
2023-12-20 19:17:08 : 22.json transferred
2023-12-20 19:17:09 : 59.json transferred
2023-12-20 19:17:10 : 16.json transferred
2023-12-20 19:17:10 : 12.json transferred
2023-12-20 19:17:11 : 14.json transferred
2023-12-20 19:17:11 : 33.json transferred
2023-12-20 19:17:11 : 39.json transferred
2023-12-20 19:17:12 : 08.json transferred
2023-12-20 19:17:13 : 41.json transferred
2023-12-20 19:17:13 : 04.json transferred
2023-12-20 19:17:14 : 58.json transferred
2023-12-20 19:17:14 : 45.json transferred
2023-12-20 19:17:15 : 31.json transferred
2023-12-20 19:17:15 : 42.json transferred
2023-12-20 19:17:16 : 10.json transferred
2023-12-20 19:17:16 : 47.json transferred
2023-12-20 19:17:17 : 46.json transferred
2023-12-20 19:17:17 : 26.json transferred
2023-12-20 19:17:18 : 54.json transferred
2023-12-20 19:17:19 : 40.json transferred
2023-12-20 19:17:19 : 23.json transferred
2023-12-20 19:17:20 : 51.json transferred
2023-12-20 19:17:21 : 06.json transferred
2023-12-20 19:17:21 : 32.json transferred
2023-12-20 19:17:22 : 53.json transferred
2023-12-20 19:17:22 : 52.json transferred
2023-12-20 19:17:23 : 48.json transferred
2023-12-20 19:17:23 : 17.json transferred
2023-12-20 19:17:24 : 00.json transferred
2023-12-20 19:17:24 : 25.json transferred
2023-12-20 19:17:25 : 20.json transferred
2023-12-20 19:17:26 : 28.json transferred
2023-12-20 19:17:26 : 02.json transferred
2023-12-20 19:17:27 : 43.json transferred
2023-12-20 19:17:27 : 34.json transferred
2023-12-20 19:17:28 : 27.json transferred
2023-12-20 19:17:28 : 55.json transferred
2023-12-20 19:17:29 : 36.json transferred
2023-12-20 19:17:29 : 38.json transferred
2023-12-20 19:17:30 : 49.json transferred
2023-12-20 19:17:30 : 35.json transferred
2023-12-20 19:17:31 : 07.json transferred
2023-12-20 19:17:31 : 01.json transferred
2023-12-20 19:17:32 : 21.json transferred
2023-12-20 19:17:32 : 57.json transferred
2023-12-20 19:17:33 : 15.json transferred
2023-12-20 19:17:33 : 29.json transferred
2023-12-20 19:17:34 : 30.json transferred
2023-12-20 19:17:34 : 24.json transferred
2023-12-20 19:17:35 : 37.json transferred
2023-12-20 19:17:35 : 09.json transferred
2023-12-20 19:17:36 : 18.json transferred
2023-12-20 19:17:37 : 44.json transferred
2023-12-20 19:17:37 : 56.json transferred
2023-12-20 19:17:38 : 19.json transferred
2023-12-20 19:17:39 : 50.json transferred
2023-12-20 19:17:40 : 05.json transferred
2023-12-20 19:17:40 : 13.json transferred
2023-12-20 19:17:41 : 03.json transferred
2023-12-20 19:17:42 : 11.json transferred
2023-12-20 19:17:43 : 22.json transferred
2023-12-20 19:17:44 : 59.json transferred
2023-12-20 19:17:44 : 16.json transferred
2023-12-20 19:17:45 : 12.json transferred
2023-12-20 19:17:46 : 14.json transferred
2023-12-20 19:17:47 : 33.json transferred
2023-12-20 19:17:47 : 39.json transferred
2023-12-20 19:17:48 : 08.json transferred
2023-12-20 19:17:49 : 41.json transferred
2023-12-20 19:17:50 : 04.json transferred
2023-12-20 19:17:50 : 58.json transferred
2023-12-20 19:17:51 : 45.json transferred
2023-12-20 19:17:52 : 31.json transferred
2023-12-20 19:17:53 : 42.json transferred
2023-12-20 19:17:53 : 10.json transferred
2023-12-20 19:17:54 : 47.json transferred
2023-12-20 19:17:55 : 46.json transferred
2023-12-20 19:17:55 : 26.json transferred
2023-12-20 19:17:56 : 54.json transferred
2023-12-20 19:17:57 : 40.json transferred
2023-12-20 19:17:58 : 23.json transferred
2023-12-20 19:17:58 : 51.json transferred
2023-12-20 19:17:59 : 06.json transferred
2023-12-20 19:18:00 : 32.json transferred
2023-12-20 19:18:01 : 53.json transferred
2023-12-20 19:18:01 : 52.json transferred
2023-12-20 19:18:02 : 48.json transferred
2023-12-20 19:18:03 : 17.json transferred
2023-12-20 19:18:04 : 00.json transferred
2023-12-20 19:18:04 : 25.json transferred
2023-12-20 19:18:05 : 20.json transferred
2023-12-20 19:18:06 : 28.json transferred
2023-12-20 19:18:07 : 02.json transferred
2023-12-20 19:18:07 : 43.json transferred
2023-12-20 19:18:08 : 34.json transferred
2023-12-20 19:18:09 : 27.json transferred
2023-12-20 19:18:10 : 55.json transferred
2023-12-20 19:18:10 : 36.json transferred
2023-12-20 19:18:11 : 38.json transferred
2023-12-20 19:18:12 : 49.json transferred
2023-12-20 19:18:13 : 35.json transferred
2023-12-20 19:18:13 : 07.json transferred
2023-12-20 19:18:14 : 01.json transferred
2023-12-20 19:18:15 : 21.json transferred
2023-12-20 19:18:16 : 57.json transferred
2023-12-20 19:18:16 : 15.json transferred
2023-12-20 19:18:17 : 29.json transferred
2023-12-20 19:18:18 : 30.json transferred
2023-12-20 19:18:19 : 24.json transferred
2023-12-20 19:18:19 : 37.json transferred
2023-12-20 19:18:20 : 09.json transferred
2023-12-20 19:18:21 : 18.json transferred
2023-12-20 19:18:21 : 44.json transferred
2023-12-20 19:18:22 : 56.json transferred
2023-12-20 19:18:23 : 19.json transferred
2023-12-20 19:18:23 : 50.json transferred
2023-12-20 19:18:24 : 05.json transferred
2023-12-20 19:18:24 : 13.json transferred
2023-12-20 19:18:25 : 03.json transferred
2023-12-20 19:18:26 : 11.json transferred
2023-12-20 19:18:26 : 22.json transferred
2023-12-20 19:18:27 : 59.json transferred
2023-12-20 19:18:27 : 16.json transferred
2023-12-20 19:18:28 : 12.json transferred
2023-12-20 19:18:29 : 14.json transferred
2023-12-20 19:18:29 : 33.json transferred
2023-12-20 19:18:30 : 39.json transferred
2023-12-20 19:18:30 : 08.json transferred
2023-12-20 19:18:31 : 41.json transferred
2023-12-20 19:18:32 : 04.json transferred
2023-12-20 19:18:32 : 58.json transferred
2023-12-20 19:18:33 : 45.json transferred
2023-12-20 19:18:34 : 31.json transferred
2023-12-20 19:18:34 : 42.json transferred
2023-12-20 19:18:35 : 10.json transferred
2023-12-20 19:18:35 : 47.json transferred
2023-12-20 19:18:36 : 46.json transferred
2023-12-20 19:18:37 : 26.json transferred
2023-12-20 19:18:37 : 54.json transferred
2023-12-20 19:18:38 : 40.json transferred
2023-12-20 19:18:38 : 23.json transferred
2023-12-20 19:18:39 : 51.json transferred
2023-12-20 19:18:40 : 06.json transferred
2023-12-20 19:18:40 : 32.json transferred
2023-12-20 19:18:41 : 53.json transferred
2023-12-20 19:18:41 : 52.json transferred
2023-12-20 19:18:42 : 48.json transferred
2023-12-20 19:18:43 : 17.json transferred
2023-12-20 19:18:43 : 00.json transferred
2023-12-20 19:18:44 : 25.json transferred
2023-12-20 19:18:45 : 20.json transferred
2023-12-20 19:18:45 : 28.json transferred
2023-12-20 19:18:46 : 02.json transferred
2023-12-20 19:18:47 : 43.json transferred
2023-12-20 19:18:47 : 34.json transferred
2023-12-20 19:18:48 : 27.json transferred
2023-12-20 19:18:48 : 55.json transferred
2023-12-20 19:18:49 : 36.json transferred
2023-12-20 19:18:50 : 38.json transferred
2023-12-20 19:18:50 : 49.json transferred
2023-12-20 19:18:51 : 35.json transferred
2023-12-20 19:18:51 : 07.json transferred
2023-12-20 19:18:52 : 01.json transferred
2023-12-20 19:18:53 : 21.json transferred
2023-12-20 19:18:53 : 57.json transferred
2023-12-20 19:18:54 : 15.json transferred
2023-12-20 19:18:54 : 29.json transferred
2023-12-20 19:18:55 : 30.json transferred
2023-12-20 19:18:56 : 24.json transferred
2023-12-20 19:18:56 : 37.json transferred
2023-12-20 19:18:57 : 09.json transferred
2023-12-20 19:18:57 : 18.json transferred
2023-12-20 19:18:58 : 44.json transferred
2023-12-20 19:18:59 : 56.json transferred
2023-12-20 19:18:59 : 19.json transferred
2023-12-20 19:19:00 : 50.json transferred
2023-12-20 19:19:01 : 05.json transferred
2023-12-20 19:19:02 : 13.json transferred
2023-12-20 19:19:02 : 03.json transferred
2023-12-20 19:19:03 : 11.json transferred
2023-12-20 19:19:04 : 22.json transferred
2023-12-20 19:19:04 : 59.json transferred
2023-12-20 19:19:05 : 16.json transferred
2023-12-20 19:19:06 : 12.json transferred
2023-12-20 19:19:06 : 14.json transferred
2023-12-20 19:19:07 : 33.json transferred
2023-12-20 19:19:08 : 39.json transferred
2023-12-20 19:19:08 : 08.json transferred
2023-12-20 19:19:09 : 41.json transferred
2023-12-20 19:19:10 : 04.json transferred
2023-12-20 19:19:10 : 58.json transferred
2023-12-20 19:19:11 : 45.json transferred
2023-12-20 19:19:11 : 31.json transferred
2023-12-20 19:19:12 : 42.json transferred
2023-12-20 19:19:13 : 10.json transferred
2023-12-20 19:19:14 : 47.json transferred
2023-12-20 19:19:14 : 46.json transferred
2023-12-20 19:19:15 : 26.json transferred
2023-12-20 19:19:16 : 54.json transferred
2023-12-20 19:19:16 : 40.json transferred
2023-12-20 19:19:17 : 23.json transferred
2023-12-20 19:19:18 : 51.json transferred
2023-12-20 19:19:19 : 06.json transferred
2023-12-20 19:19:19 : 32.json transferred
2023-12-20 19:19:20 : 53.json transferred
2023-12-20 19:19:21 : 52.json transferred
2023-12-20 19:19:21 : 48.json transferred
2023-12-20 19:19:22 : 17.json transferred
2023-12-20 19:19:23 : 00.json transferred
2023-12-20 19:19:23 : 25.json transferred
2023-12-20 19:19:24 : 20.json transferred
2023-12-20 19:19:25 : 28.json transferred
2023-12-20 19:19:25 : 02.json transferred
2023-12-20 19:19:26 : 43.json transferred
2023-12-20 19:19:27 : 34.json transferred
2023-12-20 19:19:27 : 27.json transferred
2023-12-20 19:19:28 : 55.json transferred
2023-12-20 19:19:29 : 36.json transferred
2023-12-20 19:19:29 : 38.json transferred
2023-12-20 19:19:30 : 49.json transferred
2023-12-20 19:19:31 : 35.json transferred
2023-12-20 19:19:31 : 07.json transferred
2023-12-20 19:19:32 : 01.json transferred
2023-12-20 19:19:33 : 21.json transferred
2023-12-20 19:19:33 : 57.json transferred
2023-12-20 19:19:34 : 15.json transferred
2023-12-20 19:19:35 : 29.json transferred
2023-12-20 19:19:36 : 30.json transferred
2023-12-20 19:19:36 : 24.json transferred
2023-12-20 19:19:37 : 37.json transferred
2023-12-20 19:19:38 : 09.json transferred
2023-12-20 19:19:38 : 18.json transferred
2023-12-20 19:19:39 : 44.json transferred
2023-12-20 19:19:40 : 56.json transferred
2023-12-20 19:19:40 : 19.json transferred
2023-12-20 19:19:41 : 50.json transferred
2023-12-20 19:19:42 : 05.json transferred
2023-12-20 19:19:42 : 13.json transferred
2023-12-20 19:19:43 : 03.json transferred
2023-12-20 19:19:43 : 11.json transferred
2023-12-20 19:19:44 : 22.json transferred
2023-12-20 19:19:45 : 59.json transferred
2023-12-20 19:19:45 : 16.json transferred
2023-12-20 19:19:46 : 12.json transferred
2023-12-20 19:19:47 : 14.json transferred
2023-12-20 19:19:47 : 33.json transferred
2023-12-20 19:19:48 : 39.json transferred
2023-12-20 19:19:49 : 08.json transferred
2023-12-20 19:19:49 : 41.json transferred
2023-12-20 19:19:50 : 04.json transferred
2023-12-20 19:19:50 : 58.json transferred
2023-12-20 19:19:51 : 45.json transferred
2023-12-20 19:19:52 : 31.json transferred
2023-12-20 19:19:52 : 42.json transferred
2023-12-20 19:19:53 : 10.json transferred
2023-12-20 19:19:53 : 47.json transferred
2023-12-20 19:19:54 : 46.json transferred
2023-12-20 19:19:55 : 26.json transferred
2023-12-20 19:19:55 : 54.json transferred
2023-12-20 19:19:56 : 40.json transferred
2023-12-20 19:19:57 : 23.json transferred
2023-12-20 19:19:57 : 51.json transferred
2023-12-20 19:19:58 : 06.json transferred
2023-12-20 19:19:58 : 32.json transferred
2023-12-20 19:19:59 : 53.json transferred
2023-12-20 19:20:00 : 52.json transferred
2023-12-20 19:20:01 : 48.json transferred
2023-12-20 19:20:01 : 17.json transferred
2023-12-20 19:20:02 : 00.json transferred
2023-12-20 19:20:03 : 25.json transferred
2023-12-20 19:20:03 : 20.json transferred
2023-12-20 19:20:04 : 28.json transferred
2023-12-20 19:20:04 : 02.json transferred
2023-12-20 19:20:05 : 43.json transferred
2023-12-20 19:20:06 : 34.json transferred
2023-12-20 19:20:06 : 27.json transferred
2023-12-20 19:20:07 : 55.json transferred
2023-12-20 19:20:07 : 36.json transferred
2023-12-20 19:20:08 : 38.json transferred
2023-12-20 19:20:09 : 49.json transferred
2023-12-20 19:20:09 : 35.json transferred
2023-12-20 19:20:10 : 07.json transferred
2023-12-20 19:20:11 : 01.json transferred
2023-12-20 19:20:11 : 21.json transferred
2023-12-20 19:20:12 : 57.json transferred
2023-12-20 19:20:13 : 15.json transferred
2023-12-20 19:20:13 : 29.json transferred
2023-12-20 19:20:14 : 30.json transferred
2023-12-20 19:20:15 : 24.json transferred
2023-12-20 19:20:15 : 37.json transferred
2023-12-20 19:20:16 : 09.json transferred
2023-12-20 19:20:16 : 18.json transferred
2023-12-20 19:20:17 : 44.json transferred
2023-12-20 19:20:18 : 56.json transferred
2023-12-20 19:20:18 : 19.json transferred
2023-12-20 19:20:19 : 50.json transferred
2023-12-20 19:20:20 : 05.json transferred
2023-12-20 19:20:20 : 13.json transferred
2023-12-20 19:20:21 : 03.json transferred
2023-12-20 19:20:22 : 11.json transferred
2023-12-20 19:20:22 : 22.json transferred
2023-12-20 19:20:23 : 59.json transferred
2023-12-20 19:20:23 : 16.json transferred
2023-12-20 19:20:24 : 12.json transferred
2023-12-20 19:20:25 : 14.json transferred
2023-12-20 19:20:26 : 33.json transferred
2023-12-20 19:20:26 : 39.json transferred
2023-12-20 19:20:27 : 08.json transferred
2023-12-20 19:20:28 : 41.json transferred
2023-12-20 19:20:28 : 04.json transferred
2023-12-20 19:20:29 : 58.json transferred
2023-12-20 19:20:30 : 45.json transferred
2023-12-20 19:20:30 : 31.json transferred
2023-12-20 19:20:31 : 42.json transferred
2023-12-20 19:20:31 : 10.json transferred
2023-12-20 19:20:32 : 47.json transferred
2023-12-20 19:20:33 : 46.json transferred
2023-12-20 19:20:33 : 26.json transferred
2023-12-20 19:20:34 : 54.json transferred
2023-12-20 19:20:35 : 40.json transferred
2023-12-20 19:20:35 : 23.json transferred
2023-12-20 19:20:36 : 51.json transferred
2023-12-20 19:20:37 : 06.json transferred
2023-12-20 19:20:37 : 32.json transferred
2023-12-20 19:20:38 : 53.json transferred
2023-12-20 19:20:38 : 52.json transferred
2023-12-20 19:20:39 : 48.json transferred
2023-12-20 19:20:40 : 17.json transferred
2023-12-20 19:20:40 : 00.json transferred
2023-12-20 19:20:41 : 25.json transferred
2023-12-20 19:20:42 : 20.json transferred
2023-12-20 19:20:42 : 28.json transferred
2023-12-20 19:20:43 : 02.json transferred
2023-12-20 19:20:44 : 43.json transferred
2023-12-20 19:20:44 : 34.json transferred
2023-12-20 19:20:45 : 27.json transferred
2023-12-20 19:20:46 : 55.json transferred
2023-12-20 19:20:46 : 36.json transferred
2023-12-20 19:20:47 : 38.json transferred
2023-12-20 19:20:47 : 49.json transferred
2023-12-20 19:20:48 : 35.json transferred
2023-12-20 19:20:49 : 07.json transferred
2023-12-20 19:20:49 : 01.json transferred
2023-12-20 19:20:50 : 21.json transferred
2023-12-20 19:20:51 : 57.json transferred
2023-12-20 19:20:51 : 15.json transferred
2023-12-20 19:20:52 : 29.json transferred
2023-12-20 19:20:53 : 30.json transferred
2023-12-20 19:20:53 : 24.json transferred
2023-12-20 19:20:54 : 37.json transferred
2023-12-20 19:20:54 : 09.json transferred
2023-12-20 19:20:55 : 18.json transferred
2023-12-20 19:20:56 : 44.json transferred
2023-12-20 19:20:57 : 56.json transferred
2023-12-20 19:20:58 : 19.json transferred
2023-12-20 19:20:58 : 50.json transferred
2023-12-20 19:20:59 : 05.json transferred
2023-12-20 19:21:00 : 13.json transferred
2023-12-20 19:21:01 : 03.json transferred
2023-12-20 19:21:02 : 11.json transferred
2023-12-20 19:21:03 : 22.json transferred
2023-12-20 19:21:04 : 59.json transferred
2023-12-20 19:21:04 : 16.json transferred
2023-12-20 19:21:05 : 12.json transferred
2023-12-20 19:21:06 : 14.json transferred
2023-12-20 19:21:07 : 33.json transferred
2023-12-20 19:21:08 : 39.json transferred
2023-12-20 19:21:08 : 08.json transferred
2023-12-20 19:21:09 : 41.json transferred
2023-12-20 19:21:10 : 04.json transferred
2023-12-20 19:21:11 : 58.json transferred
2023-12-20 19:21:12 : 45.json transferred
2023-12-20 19:21:13 : 31.json transferred
2023-12-20 19:21:13 : 42.json transferred
2023-12-20 19:21:14 : 10.json transferred
2023-12-20 19:21:15 : 47.json transferred
2023-12-20 19:21:16 : 46.json transferred
2023-12-20 19:21:17 : 26.json transferred
2023-12-20 19:21:18 : 54.json transferred
2023-12-20 19:21:18 : 40.json transferred
2023-12-20 19:21:19 : 23.json transferred
2023-12-20 19:21:20 : 51.json transferred
2023-12-20 19:21:21 : 06.json transferred
2023-12-20 19:21:22 : 32.json transferred
2023-12-20 19:21:22 : 53.json transferred
2023-12-20 19:21:23 : 52.json transferred
2023-12-20 19:21:24 : 48.json transferred
2023-12-20 19:21:25 : 17.json transferred
2023-12-20 19:21:26 : 00.json transferred
2023-12-20 19:21:27 : 25.json transferred
2023-12-20 19:21:28 : 20.json transferred
2023-12-20 19:21:28 : 28.json transferred
2023-12-20 19:21:29 : 02.json transferred
2023-12-20 19:21:30 : 43.json transferred
2023-12-20 19:21:31 : 34.json transferred
2023-12-20 19:21:32 : 27.json transferred
2023-12-20 19:21:32 : 55.json transferred
2023-12-20 19:21:33 : 36.json transferred
2023-12-20 19:21:34 : 38.json transferred
2023-12-20 19:21:35 : 49.json transferred
2023-12-20 19:21:36 : 35.json transferred
2023-12-20 19:21:37 : 07.json transferred
2023-12-20 19:21:37 : 01.json transferred
2023-12-20 19:21:38 : 21.json transferred
2023-12-20 19:21:39 : 57.json transferred
2023-12-20 19:21:40 : 15.json transferred
2023-12-20 19:21:41 : 29.json transferred
2023-12-20 19:21:42 : 30.json transferred
2023-12-20 19:21:43 : 24.json transferred
2023-12-20 19:21:43 : 37.json transferred
2023-12-20 19:21:44 : 09.json transferred
2023-12-20 19:21:45 : 18.json transferred
2023-12-20 19:21:46 : 44.json transferred
2023-12-20 19:21:46 : 56.json transferred
2023-12-20 19:21:47 : 19.json transferred
2023-12-20 19:21:48 : 50.json transferred
2023-12-20 19:21:49 : 05.json transferred
2023-12-20 19:21:49 : 13.json transferred
2023-12-20 19:21:50 : 03.json transferred
2023-12-20 19:21:51 : 11.json transferred
2023-12-20 19:21:51 : 22.json transferred
2023-12-20 19:21:52 : 59.json transferred
2023-12-20 19:21:52 : 16.json transferred
2023-12-20 19:21:53 : 12.json transferred
2023-12-20 19:21:54 : 14.json transferred
2023-12-20 19:21:54 : 33.json transferred
2023-12-20 19:21:55 : 39.json transferred
2023-12-20 19:21:56 : 08.json transferred
2023-12-20 19:21:56 : 41.json transferred
2023-12-20 19:21:57 : 04.json transferred
2023-12-20 19:21:57 : 58.json transferred
2023-12-20 19:21:58 : 45.json transferred
2023-12-20 19:21:59 : 31.json transferred
2023-12-20 19:21:59 : 42.json transferred
2023-12-20 19:22:00 : 10.json transferred
2023-12-20 19:22:01 : 47.json transferred
2023-12-20 19:22:01 : 46.json transferred
2023-12-20 19:22:02 : 26.json transferred
2023-12-20 19:22:03 : 54.json transferred
2023-12-20 19:22:03 : 40.json transferred
2023-12-20 19:22:04 : 23.json transferred
2023-12-20 19:22:05 : 51.json transferred
2023-12-20 19:22:05 : 06.json transferred
2023-12-20 19:22:06 : 32.json transferred
2023-12-20 19:22:06 : 53.json transferred
2023-12-20 19:22:07 : 52.json transferred
2023-12-20 19:22:08 : 48.json transferred
2023-12-20 19:22:08 : 17.json transferred
2023-12-20 19:22:09 : 00.json transferred
2023-12-20 19:22:10 : 25.json transferred
2023-12-20 19:22:10 : 20.json transferred
2023-12-20 19:22:11 : 28.json transferred
2023-12-20 19:22:11 : 02.json transferred
2023-12-20 19:22:12 : 43.json transferred
2023-12-20 19:22:13 : 34.json transferred
2023-12-20 19:22:13 : 27.json transferred
2023-12-20 19:22:14 : 55.json transferred
2023-12-20 19:22:14 : 36.json transferred
2023-12-20 19:22:15 : 38.json transferred
2023-12-20 19:22:16 : 49.json transferred
2023-12-20 19:22:16 : 35.json transferred
2023-12-20 19:22:17 : 07.json transferred
2023-12-20 19:22:18 : 01.json transferred
2023-12-20 19:22:18 : 21.json transferred
2023-12-20 19:22:19 : 57.json transferred
2023-12-20 19:22:20 : 15.json transferred
2023-12-20 19:22:20 : 29.json transferred
2023-12-20 19:22:21 : 30.json transferred
2023-12-20 19:22:21 : 24.json transferred
2023-12-20 19:22:22 : 37.json transferred
2023-12-20 19:22:23 : 09.json transferred
2023-12-20 19:22:23 : 18.json transferred
2023-12-20 19:22:24 : 44.json transferred
2023-12-20 19:22:25 : 56.json transferred
2023-12-20 19:22:26 : 19.json transferred
2023-12-20 19:22:28 : 50.json transferred
2023-12-20 19:22:28 : 05.json transferred
2023-12-20 19:22:29 : 13.json transferred
2023-12-20 19:22:30 : 03.json transferred
2023-12-20 19:22:31 : 11.json transferred
2023-12-20 19:22:31 : 22.json transferred
2023-12-20 19:22:32 : 59.json transferred
2023-12-20 19:22:33 : 16.json transferred
2023-12-20 19:22:34 : 12.json transferred
2023-12-20 19:22:35 : 14.json transferred
2023-12-20 19:22:35 : 33.json transferred
2023-12-20 19:22:36 : 39.json transferred
2023-12-20 19:22:37 : 08.json transferred
2023-12-20 19:22:38 : 41.json transferred
2023-12-20 19:22:39 : 04.json transferred
2023-12-20 19:22:40 : 58.json transferred
2023-12-20 19:22:40 : 45.json transferred
2023-12-20 19:22:41 : 31.json transferred
2023-12-20 19:22:42 : 42.json transferred
2023-12-20 19:22:43 : 10.json transferred
2023-12-20 19:22:44 : 47.json transferred
2023-12-20 19:22:44 : 46.json transferred
2023-12-20 19:22:45 : 26.json transferred
2023-12-20 19:22:46 : 54.json transferred
2023-12-20 19:22:47 : 40.json transferred
2023-12-20 19:22:48 : 23.json transferred
2023-12-20 19:22:48 : 51.json transferred
2023-12-20 19:22:49 : 06.json transferred
2023-12-20 19:22:50 : 32.json transferred
2023-12-20 19:22:51 : 53.json transferred
2023-12-20 19:22:52 : 52.json transferred
2023-12-20 19:22:52 : 48.json transferred
2023-12-20 19:22:53 : 17.json transferred
2023-12-20 19:22:54 : 00.json transferred
2023-12-20 19:22:55 : 25.json transferred
2023-12-20 19:22:55 : 20.json transferred
2023-12-20 19:22:56 : 28.json transferred
2023-12-20 19:22:57 : 02.json transferred
2023-12-20 19:22:58 : 43.json transferred
2023-12-20 19:22:59 : 34.json transferred
2023-12-20 19:23:00 : 27.json transferred
2023-12-20 19:23:01 : 55.json transferred
2023-12-20 19:23:01 : 36.json transferred
2023-12-20 19:23:02 : 38.json transferred
2023-12-20 19:23:03 : 49.json transferred
2023-12-20 19:23:04 : 35.json transferred
2023-12-20 19:23:05 : 07.json transferred
2023-12-20 19:23:05 : 01.json transferred
2023-12-20 19:23:06 : 21.json transferred
2023-12-20 19:23:07 : 57.json transferred
2023-12-20 19:23:08 : 15.json transferred
2023-12-20 19:23:09 : 29.json transferred
2023-12-20 19:23:09 : 30.json transferred
2023-12-20 19:23:10 : 24.json transferred
2023-12-20 19:23:11 : 37.json transferred
2023-12-20 19:23:12 : 09.json transferred
2023-12-20 19:23:13 : 18.json transferred
2023-12-20 19:23:13 : 44.json transferred
2023-12-20 19:23:14 : 56.json transferred
2023-12-20 19:23:15 : 19.json transferred
2023-12-20 19:23:16 : 50.json transferred
2023-12-20 19:23:16 : 05.json transferred
2023-12-20 19:23:17 : 13.json transferred
2023-12-20 19:23:18 : 03.json transferred
2023-12-20 19:23:19 : 11.json transferred
2023-12-20 19:23:19 : 22.json transferred
2023-12-20 19:23:20 : 59.json transferred
2023-12-20 19:23:21 : 16.json transferred
2023-12-20 19:23:22 : 12.json transferred
2023-12-20 19:23:22 : 14.json transferred
2023-12-20 19:23:23 : 33.json transferred
2023-12-20 19:23:24 : 39.json transferred
2023-12-20 19:23:25 : 08.json transferred
2023-12-20 19:23:25 : 41.json transferred
2023-12-20 19:23:26 : 04.json transferred
2023-12-20 19:23:27 : 58.json transferred
2023-12-20 19:23:28 : 45.json transferred
2023-12-20 19:23:28 : 31.json transferred
2023-12-20 19:23:29 : 42.json transferred
2023-12-20 19:23:30 : 10.json transferred
2023-12-20 19:23:31 : 47.json transferred
2023-12-20 19:23:31 : 46.json transferred
2023-12-20 19:23:32 : 26.json transferred
2023-12-20 19:23:33 : 54.json transferred
2023-12-20 19:23:34 : 40.json transferred
2023-12-20 19:23:34 : 23.json transferred
2023-12-20 19:23:35 : 51.json transferred
2023-12-20 19:23:36 : 06.json transferred
2023-12-20 19:23:36 : 32.json transferred
2023-12-20 19:23:37 : 53.json transferred
2023-12-20 19:23:38 : 52.json transferred
2023-12-20 19:23:39 : 48.json transferred
2023-12-20 19:23:39 : 17.json transferred
2023-12-20 19:23:40 : 00.json transferred
2023-12-20 19:23:41 : 25.json transferred
2023-12-20 19:23:42 : 20.json transferred
2023-12-20 19:23:42 : 28.json transferred
2023-12-20 19:23:43 : 02.json transferred
2023-12-20 19:23:44 : 43.json transferred
2023-12-20 19:23:45 : 34.json transferred
2023-12-20 19:23:45 : 27.json transferred
2023-12-20 19:23:46 : 55.json transferred
2023-12-20 19:23:47 : 36.json transferred
2023-12-20 19:23:48 : 38.json transferred
2023-12-20 19:23:48 : 49.json transferred
2023-12-20 19:23:49 : 35.json transferred
2023-12-20 19:23:50 : 07.json transferred
2023-12-20 19:23:51 : 01.json transferred
2023-12-20 19:23:51 : 21.json transferred
2023-12-20 19:23:52 : 57.json transferred
2023-12-20 19:23:53 : 15.json transferred
2023-12-20 19:23:54 : 29.json transferred
2023-12-20 19:23:54 : 30.json transferred
2023-12-20 19:23:55 : 24.json transferred
2023-12-20 19:23:56 : 37.json transferred
2023-12-20 19:23:57 : 09.json transferred
2023-12-20 19:23:57 : 18.json transferred
2023-12-20 19:23:58 : 44.json transferred
2023-12-20 19:23:59 : 56.json transferred
2023-12-20 19:23:59 : 19.json transferred
2023-12-20 19:24:00 : 50.json transferred
2023-12-20 19:24:01 : 05.json transferred
2023-12-20 19:24:01 : 13.json transferred
2023-12-20 19:24:02 : 03.json transferred
2023-12-20 19:24:04 : 11.json transferred
2023-12-20 19:24:05 : 22.json transferred
2023-12-20 19:24:05 : 59.json transferred
2023-12-20 19:24:06 : 16.json transferred
2023-12-20 19:24:07 : 12.json transferred
2023-12-20 19:24:07 : 14.json transferred
2023-12-20 19:24:08 : 33.json transferred
2023-12-20 19:24:08 : 39.json transferred
2023-12-20 19:24:09 : 08.json transferred
2023-12-20 19:24:09 : 41.json transferred
2023-12-20 19:24:10 : 04.json transferred
2023-12-20 19:24:11 : 58.json transferred
2023-12-20 19:24:11 : 45.json transferred
2023-12-20 19:24:12 : 31.json transferred
2023-12-20 19:24:12 : 42.json transferred
2023-12-20 19:24:13 : 10.json transferred
2023-12-20 19:24:14 : 47.json transferred
2023-12-20 19:24:14 : 46.json transferred
2023-12-20 19:24:15 : 26.json transferred
2023-12-20 19:24:15 : 54.json transferred
2023-12-20 19:24:16 : 40.json transferred
2023-12-20 19:24:17 : 23.json transferred
2023-12-20 19:24:17 : 51.json transferred
2023-12-20 19:24:19 : 06.json transferred
2023-12-20 19:24:19 : 32.json transferred
2023-12-20 19:24:20 : 53.json transferred
2023-12-20 19:24:20 : 52.json transferred
2023-12-20 19:24:21 : 48.json transferred
2023-12-20 19:24:22 : 17.json transferred
2023-12-20 19:24:24 : 00.json transferred
2023-12-20 19:24:24 : 25.json transferred
2023-12-20 19:24:25 : 20.json transferred
2023-12-20 19:24:25 : 28.json transferred
2023-12-20 19:24:26 : 02.json transferred
2023-12-20 19:24:27 : 43.json transferred
2023-12-20 19:24:28 : 34.json transferred
2023-12-20 19:24:28 : 27.json transferred
2023-12-20 19:24:29 : 55.json transferred
2023-12-20 19:24:29 : 36.json transferred
2023-12-20 19:24:30 : 38.json transferred
2023-12-20 19:24:31 : 49.json transferred
2023-12-20 19:24:31 : 35.json transferred
2023-12-20 19:24:32 : 07.json transferred
2023-12-20 19:24:33 : 01.json transferred
2023-12-20 19:24:34 : 21.json transferred
2023-12-20 19:24:34 : 57.json transferred
2023-12-20 19:24:35 : 15.json transferred
2023-12-20 19:24:36 : 29.json transferred
2023-12-20 19:24:36 : 30.json transferred
2023-12-20 19:24:37 : 24.json transferred
2023-12-20 19:24:37 : 37.json transferred
2023-12-20 19:24:38 : 09.json transferred
2023-12-20 19:24:39 : 18.json transferred
2023-12-20 19:24:39 : 44.json transferred
2023-12-20 19:24:40 : 56.json transferred
2023-12-20 19:24:40 : 19.json transferred
2023-12-20 19:24:41 : 50.json transferred
2023-12-20 19:24:42 : 05.json transferred
2023-12-20 19:24:42 : 13.json transferred
2023-12-20 19:24:43 : 03.json transferred
2023-12-20 19:24:43 : 11.json transferred
2023-12-20 19:24:44 : 22.json transferred
2023-12-20 19:24:45 : 59.json transferred
2023-12-20 19:24:45 : 16.json transferred
2023-12-20 19:24:46 : 12.json transferred
2023-12-20 19:24:46 : 14.json transferred
2023-12-20 19:24:47 : 33.json transferred
2023-12-20 19:24:48 : 39.json transferred
2023-12-20 19:24:48 : 08.json transferred
2023-12-20 19:24:49 : 41.json transferred
2023-12-20 19:24:49 : 04.json transferred
2023-12-20 19:24:50 : 58.json transferred
2023-12-20 19:24:51 : 45.json transferred
2023-12-20 19:24:51 : 31.json transferred
2023-12-20 19:24:52 : 42.json transferred
2023-12-20 19:24:53 : 10.json transferred
2023-12-20 19:24:53 : 47.json transferred
2023-12-20 19:24:54 : 46.json transferred
2023-12-20 19:24:55 : 26.json transferred
2023-12-20 19:24:55 : 54.json transferred
2023-12-20 19:24:56 : 40.json transferred
2023-12-20 19:24:56 : 23.json transferred
2023-12-20 19:24:57 : 51.json transferred
2023-12-20 19:24:58 : 06.json transferred
2023-12-20 19:24:58 : 32.json transferred
2023-12-20 19:24:59 : 53.json transferred
2023-12-20 19:24:59 : 52.json transferred
2023-12-20 19:25:00 : 48.json transferred
2023-12-20 19:25:01 : 17.json transferred
2023-12-20 19:25:02 : 00.json transferred
2023-12-20 19:25:02 : 25.json transferred
2023-12-20 19:25:03 : 20.json transferred
2023-12-20 19:25:04 : 28.json transferred
2023-12-20 19:25:04 : 02.json transferred
2023-12-20 19:25:05 : 43.json transferred
2023-12-20 19:25:06 : 34.json transferred
2023-12-20 19:25:06 : 27.json transferred
2023-12-20 19:25:07 : 55.json transferred
2023-12-20 19:25:08 : 36.json transferred
2023-12-20 19:25:09 : 38.json transferred
2023-12-20 19:25:09 : 49.json transferred
2023-12-20 19:25:10 : 35.json transferred
2023-12-20 19:25:11 : 07.json transferred
2023-12-20 19:25:11 : 01.json transferred
2023-12-20 19:25:13 : 21.json transferred
2023-12-20 19:25:14 : 57.json transferred
2023-12-20 19:25:15 : 15.json transferred
2023-12-20 19:25:15 : 29.json transferred
2023-12-20 19:25:16 : 30.json transferred
2023-12-20 19:25:17 : 24.json transferred
2023-12-20 19:25:17 : 37.json transferred
2023-12-20 19:25:18 : 09.json transferred
2023-12-20 19:25:18 : 18.json transferred
2023-12-20 19:25:19 : 44.json transferred
2023-12-20 19:25:20 : 56.json transferred
2023-12-20 19:25:20 : 19.json transferred
2023-12-20 19:25:21 : 50.json transferred
2023-12-20 19:25:22 : 05.json transferred
2023-12-20 19:25:22 : 13.json transferred
2023-12-20 19:25:23 : 03.json transferred
2023-12-20 19:25:24 : 11.json transferred
2023-12-20 19:25:24 : 22.json transferred
2023-12-20 19:25:25 : 59.json transferred
2023-12-20 19:25:26 : 16.json transferred
2023-12-20 19:25:26 : 12.json transferred
2023-12-20 19:25:27 : 14.json transferred
2023-12-20 19:25:28 : 33.json transferred
2023-12-20 19:25:28 : 39.json transferred
2023-12-20 19:25:29 : 08.json transferred
2023-12-20 19:25:30 : 41.json transferred
2023-12-20 19:25:30 : 04.json transferred
2023-12-20 19:25:31 : 58.json transferred
2023-12-20 19:25:32 : 45.json transferred
2023-12-20 19:25:33 : 31.json transferred
2023-12-20 19:25:33 : 42.json transferred
2023-12-20 19:25:34 : 10.json transferred
2023-12-20 19:25:34 : 47.json transferred
2023-12-20 19:25:35 : 46.json transferred
2023-12-20 19:25:36 : 26.json transferred
2023-12-20 19:25:36 : 54.json transferred
2023-12-20 19:25:37 : 40.json transferred
2023-12-20 19:25:38 : 23.json transferred
2023-12-20 19:25:38 : 51.json transferred
2023-12-20 19:25:39 : 06.json transferred
2023-12-20 19:25:40 : 32.json transferred
2023-12-20 19:25:40 : 53.json transferred
2023-12-20 19:25:41 : 52.json transferred
2023-12-20 19:25:41 : 48.json transferred
2023-12-20 19:25:42 : 17.json transferred
2023-12-20 19:25:43 : 00.json transferred
2023-12-20 19:25:44 : 25.json transferred
2023-12-20 19:25:44 : 20.json transferred
2023-12-20 19:25:45 : 28.json transferred
2023-12-20 19:25:45 : 02.json transferred
2023-12-20 19:25:46 : 43.json transferred
2023-12-20 19:25:47 : 34.json transferred
2023-12-20 19:25:47 : 27.json transferred
2023-12-20 19:25:48 : 55.json transferred
2023-12-20 19:25:49 : 36.json transferred
2023-12-20 19:25:49 : 38.json transferred
2023-12-20 19:25:50 : 49.json transferred
2023-12-20 19:25:51 : 35.json transferred
2023-12-20 19:25:51 : 07.json transferred
2023-12-20 19:25:52 : 01.json transferred
2023-12-20 19:25:53 : 21.json transferred
2023-12-20 19:25:53 : 57.json transferred
2023-12-20 19:25:54 : 15.json transferred
2023-12-20 19:25:55 : 29.json transferred
2023-12-20 19:25:55 : 30.json transferred
2023-12-20 19:25:56 : 24.json transferred
2023-12-20 19:25:56 : 37.json transferred
2023-12-20 19:25:57 : 09.json transferred
2023-12-20 19:25:58 : 18.json transferred
2023-12-20 19:25:58 : 44.json transferred
2023-12-20 19:25:59 : 56.json transferred
2023-12-20 19:25:59 : 50.json transferred
2023-12-20 19:26:00 : 59.json transferred
2023-12-20 19:26:00 : 33.json transferred
2023-12-20 19:26:01 : 39.json transferred
2023-12-20 19:26:02 : 41.json transferred
2023-12-20 19:26:02 : 58.json transferred
2023-12-20 19:26:03 : 45.json transferred
2023-12-20 19:26:03 : 31.json transferred
2023-12-20 19:26:04 : 42.json transferred
2023-12-20 19:26:04 : 47.json transferred
2023-12-20 19:26:05 : 46.json transferred
2023-12-20 19:26:05 : 54.json transferred
2023-12-20 19:26:06 : 40.json transferred
2023-12-20 19:26:06 : 51.json transferred
2023-12-20 19:26:06 : 32.json transferred
2023-12-20 19:26:07 : 53.json transferred
2023-12-20 19:26:08 : 52.json transferred
2023-12-20 19:26:08 : 48.json transferred
2023-12-20 19:26:09 : 43.json transferred
2023-12-20 19:26:09 : 34.json transferred
2023-12-20 19:26:09 : 55.json transferred
2023-12-20 19:26:10 : 36.json transferred
2023-12-20 19:26:11 : 38.json transferred
2023-12-20 19:26:11 : 49.json transferred
2023-12-20 19:26:12 : 35.json transferred
2023-12-20 19:26:12 : 57.json transferred
2023-12-20 19:26:13 : 29.json transferred
2023-12-20 19:26:13 : 30.json transferred
2023-12-20 19:26:14 : 37.json transferred
2023-12-20 19:26:14 : 44.json transferred
2023-12-20 19:26:15 : 56.json transferred
2023-12-20 19:26:15 : 19.json transferred
2023-12-20 19:26:16 : 50.json transferred
2023-12-20 19:26:17 : 05.json transferred
2023-12-20 19:26:17 : 13.json transferred
2023-12-20 19:26:18 : 03.json transferred
2023-12-20 19:26:19 : 11.json transferred
2023-12-20 19:26:19 : 22.json transferred
2023-12-20 19:26:20 : 59.json transferred
2023-12-20 19:26:20 : 16.json transferred
2023-12-20 19:26:21 : 12.json transferred
2023-12-20 19:26:22 : 14.json transferred
2023-12-20 19:26:22 : 33.json transferred
2023-12-20 19:26:23 : 39.json transferred
2023-12-20 19:26:23 : 08.json transferred
2023-12-20 19:26:24 : 41.json transferred
2023-12-20 19:26:25 : 04.json transferred
2023-12-20 19:26:25 : 58.json transferred
2023-12-20 19:26:26 : 45.json transferred
2023-12-20 19:26:26 : 31.json transferred
2023-12-20 19:26:27 : 42.json transferred
2023-12-20 19:26:28 : 10.json transferred
2023-12-20 19:26:28 : 47.json transferred
2023-12-20 19:26:29 : 46.json transferred
2023-12-20 19:26:30 : 26.json transferred
2023-12-20 19:26:30 : 54.json transferred
2023-12-20 19:26:31 : 40.json transferred
2023-12-20 19:26:31 : 23.json transferred
2023-12-20 19:26:32 : 51.json transferred
2023-12-20 19:26:33 : 06.json transferred
2023-12-20 19:26:33 : 32.json transferred
2023-12-20 19:26:34 : 53.json transferred
2023-12-20 19:26:34 : 52.json transferred
2023-12-20 19:26:35 : 48.json transferred
2023-12-20 19:26:36 : 17.json transferred
2023-12-20 19:26:36 : 00.json transferred
2023-12-20 19:26:37 : 25.json transferred
2023-12-20 19:26:38 : 20.json transferred
2023-12-20 19:26:38 : 28.json transferred
2023-12-20 19:26:39 : 02.json transferred
2023-12-20 19:26:39 : 43.json transferred
2023-12-20 19:26:40 : 34.json transferred
2023-12-20 19:26:41 : 27.json transferred
2023-12-20 19:26:41 : 55.json transferred
2023-12-20 19:26:42 : 36.json transferred
2023-12-20 19:26:43 : 38.json transferred
2023-12-20 19:26:43 : 49.json transferred
2023-12-20 19:26:44 : 35.json transferred
2023-12-20 19:26:44 : 07.json transferred
2023-12-20 19:26:45 : 01.json transferred
2023-12-20 19:26:46 : 21.json transferred
2023-12-20 19:26:46 : 57.json transferred
2023-12-20 19:26:47 : 15.json transferred
2023-12-20 19:26:47 : 29.json transferred
2023-12-20 19:26:48 : 30.json transferred
2023-12-20 19:26:49 : 24.json transferred
2023-12-20 19:26:49 : 37.json transferred
2023-12-20 19:26:50 : 09.json transferred
2023-12-20 19:26:50 : 18.json transferred
2023-12-20 19:26:51 : 44.json transferred
2023-12-20 19:26:52 : 56.json transferred
2023-12-20 19:26:52 : 19.json transferred
2023-12-20 19:26:53 : 50.json transferred
2023-12-20 19:26:53 : 05.json transferred
2023-12-20 19:26:54 : 13.json transferred
2023-12-20 19:26:54 : 03.json transferred
2023-12-20 19:26:55 : 11.json transferred
2023-12-20 19:26:55 : 22.json transferred
2023-12-20 19:26:56 : 59.json transferred
2023-12-20 19:26:57 : 16.json transferred
2023-12-20 19:26:57 : 12.json transferred
2023-12-20 19:26:58 : 14.json transferred
2023-12-20 19:26:58 : 33.json transferred
2023-12-20 19:26:59 : 39.json transferred
2023-12-20 19:26:59 : 08.json transferred
2023-12-20 19:27:00 : 41.json transferred
2023-12-20 19:27:01 : 04.json transferred
2023-12-20 19:27:01 : 58.json transferred
2023-12-20 19:27:02 : 45.json transferred
2023-12-20 19:27:02 : 31.json transferred
2023-12-20 19:27:03 : 42.json transferred
2023-12-20 19:27:04 : 10.json transferred
2023-12-20 19:27:04 : 47.json transferred
2023-12-20 19:27:05 : 46.json transferred
2023-12-20 19:27:05 : 26.json transferred
2023-12-20 19:27:06 : 54.json transferred
2023-12-20 19:27:06 : 40.json transferred
2023-12-20 19:27:07 : 23.json transferred
2023-12-20 19:27:08 : 51.json transferred
2023-12-20 19:27:08 : 06.json transferred
2023-12-20 19:27:09 : 32.json transferred
2023-12-20 19:27:09 : 53.json transferred
2023-12-20 19:27:10 : 52.json transferred
2023-12-20 19:27:10 : 48.json transferred
2023-12-20 19:27:11 : 17.json transferred
2023-12-20 19:27:11 : 00.json transferred
2023-12-20 19:27:12 : 25.json transferred
2023-12-20 19:27:13 : 20.json transferred
2023-12-20 19:27:13 : 28.json transferred
2023-12-20 19:27:14 : 02.json transferred
2023-12-20 19:27:14 : 43.json transferred
2023-12-20 19:27:15 : 34.json transferred
2023-12-20 19:27:15 : 27.json transferred
2023-12-20 19:27:16 : 55.json transferred
2023-12-20 19:27:16 : 36.json transferred
2023-12-20 19:27:17 : 38.json transferred
2023-12-20 19:27:18 : 49.json transferred
2023-12-20 19:27:18 : 35.json transferred
2023-12-20 19:27:19 : 07.json transferred
2023-12-20 19:27:19 : 01.json transferred
2023-12-20 19:27:20 : 21.json transferred
2023-12-20 19:27:20 : 57.json transferred
2023-12-20 19:27:21 : 15.json transferred
2023-12-20 19:27:22 : 29.json transferred
2023-12-20 19:27:22 : 30.json transferred
2023-12-20 19:27:23 : 24.json transferred
2023-12-20 19:27:23 : 37.json transferred
2023-12-20 19:27:24 : 09.json transferred
2023-12-20 19:27:24 : 18.json transferred
2023-12-20 19:27:25 : 44.json transferred
2023-12-20 19:27:26 : 56.json transferred
2023-12-20 19:27:26 : 19.json transferred
2023-12-20 19:27:27 : 50.json transferred
2023-12-20 19:27:27 : 05.json transferred
2023-12-20 19:27:28 : 13.json transferred
2023-12-20 19:27:29 : 03.json transferred
2023-12-20 19:27:29 : 11.json transferred
2023-12-20 19:27:30 : 22.json transferred
2023-12-20 19:27:30 : 59.json transferred
2023-12-20 19:27:31 : 16.json transferred
2023-12-20 19:27:32 : 12.json transferred
2023-12-20 19:27:32 : 14.json transferred
2023-12-20 19:27:33 : 33.json transferred
2023-12-20 19:27:33 : 39.json transferred
2023-12-20 19:27:34 : 08.json transferred
2023-12-20 19:27:35 : 41.json transferred
2023-12-20 19:27:35 : 04.json transferred
2023-12-20 19:27:36 : 58.json transferred
2023-12-20 19:27:37 : 45.json transferred
2023-12-20 19:27:37 : 31.json transferred
2023-12-20 19:27:38 : 42.json transferred
2023-12-20 19:27:38 : 10.json transferred
2023-12-20 19:27:39 : 47.json transferred
2023-12-20 19:27:39 : 46.json transferred
2023-12-20 19:27:40 : 26.json transferred
2023-12-20 19:27:41 : 54.json transferred
2023-12-20 19:27:41 : 40.json transferred
2023-12-20 19:27:42 : 23.json transferred
2023-12-20 19:27:42 : 51.json transferred
2023-12-20 19:27:43 : 06.json transferred
2023-12-20 19:27:44 : 32.json transferred
2023-12-20 19:27:44 : 53.json transferred
2023-12-20 19:27:45 : 52.json transferred
2023-12-20 19:27:45 : 48.json transferred
2023-12-20 19:27:46 : 17.json transferred
2023-12-20 19:27:47 : 00.json transferred
2023-12-20 19:27:47 : 25.json transferred
2023-12-20 19:27:48 : 20.json transferred
2023-12-20 19:27:49 : 28.json transferred
2023-12-20 19:27:49 : 02.json transferred
2023-12-20 19:27:50 : 43.json transferred
2023-12-20 19:27:51 : 34.json transferred
2023-12-20 19:27:51 : 27.json transferred
2023-12-20 19:27:52 : 55.json transferred
2023-12-20 19:27:52 : 36.json transferred
2023-12-20 19:27:53 : 38.json transferred
2023-12-20 19:27:54 : 49.json transferred
2023-12-20 19:27:54 : 35.json transferred
2023-12-20 19:27:55 : 07.json transferred
2023-12-20 19:27:55 : 01.json transferred
2023-12-20 19:27:56 : 21.json transferred
2023-12-20 19:27:57 : 57.json transferred
2023-12-20 19:27:57 : 15.json transferred
2023-12-20 19:27:58 : 29.json transferred
2023-12-20 19:27:58 : 30.json transferred
2023-12-20 19:27:59 : 24.json transferred
2023-12-20 19:28:00 : 37.json transferred
2023-12-20 19:28:01 : 09.json transferred
2023-12-20 19:28:01 : 18.json transferred
2023-12-20 19:28:02 : 44.json transferred
2023-12-20 19:28:02 : 56.json transferred
2023-12-20 19:28:03 : 19.json transferred
2023-12-20 19:28:04 : 50.json transferred
2023-12-20 19:28:04 : 05.json transferred
2023-12-20 19:28:05 : 13.json transferred
2023-12-20 19:28:05 : 03.json transferred
2023-12-20 19:28:06 : 11.json transferred
2023-12-20 19:28:06 : 22.json transferred
2023-12-20 19:28:07 : 59.json transferred
2023-12-20 19:28:08 : 16.json transferred
2023-12-20 19:28:08 : 12.json transferred
2023-12-20 19:28:09 : 14.json transferred
2023-12-20 19:28:09 : 33.json transferred
2023-12-20 19:28:10 : 39.json transferred
2023-12-20 19:28:11 : 08.json transferred
2023-12-20 19:28:11 : 41.json transferred
2023-12-20 19:28:12 : 04.json transferred
2023-12-20 19:28:12 : 58.json transferred
2023-12-20 19:28:13 : 45.json transferred
2023-12-20 19:28:14 : 31.json transferred
2023-12-20 19:28:14 : 42.json transferred
2023-12-20 19:28:15 : 10.json transferred
2023-12-20 19:28:15 : 47.json transferred
2023-12-20 19:28:16 : 46.json transferred
2023-12-20 19:28:17 : 26.json transferred
2023-12-20 19:28:17 : 54.json transferred
2023-12-20 19:28:18 : 40.json transferred
2023-12-20 19:28:18 : 23.json transferred
2023-12-20 19:28:19 : 51.json transferred
2023-12-20 19:28:20 : 06.json transferred
2023-12-20 19:28:20 : 32.json transferred
2023-12-20 19:28:21 : 53.json transferred
2023-12-20 19:28:21 : 52.json transferred
2023-12-20 19:28:22 : 48.json transferred
2023-12-20 19:28:23 : 17.json transferred
2023-12-20 19:28:23 : 00.json transferred
2023-12-20 19:28:24 : 25.json transferred
2023-12-20 19:28:25 : 20.json transferred
2023-12-20 19:28:25 : 28.json transferred
2023-12-20 19:28:26 : 02.json transferred
2023-12-20 19:28:26 : 43.json transferred
2023-12-20 19:28:27 : 34.json transferred
2023-12-20 19:28:28 : 27.json transferred
2023-12-20 19:28:28 : 55.json transferred
2023-12-20 19:28:29 : 36.json transferred
2023-12-20 19:28:29 : 38.json transferred
2023-12-20 19:28:30 : 49.json transferred
2023-12-20 19:28:31 : 35.json transferred
2023-12-20 19:28:31 : 07.json transferred
2023-12-20 19:28:32 : 01.json transferred
2023-12-20 19:28:32 : 21.json transferred
2023-12-20 19:28:33 : 57.json transferred
2023-12-20 19:28:34 : 15.json transferred
2023-12-20 19:28:34 : 29.json transferred
2023-12-20 19:28:35 : 30.json transferred
2023-12-20 19:28:35 : 24.json transferred
2023-12-20 19:28:36 : 37.json transferred
2023-12-20 19:28:37 : 09.json transferred
2023-12-20 19:28:37 : 18.json transferred
2023-12-20 19:28:37 : Input and output directories cleared out for twitter_stream_2019_02_28.tar
